<?xml version="1.0" encoding="UTF-8"?>
<!-- Generated by org.testng.reporters.JUnitReportReporter -->
<testsuite hostname="DESKTOP-AMM4FFP" failures="0" tests="2" name="qaclickacademy.RestAssuredTest" time="0.025" errors="0" timestamp="2022-03-10T09:56:27 IST" skipped="0">
  <testcase classname="qaclickacademy.RestAssuredTest" name="API1" time="0.020"/>
  <system-out/>
  <testcase classname="qaclickacademy.RestAssuredTest" name="API2" time="0.005"/>
  <system-out/>
</testsuite> <!-- qaclickacademy.RestAssuredTest -->
