<?xml version="1.0" encoding="UTF-8"?>
<!-- Generated by org.testng.reporters.JUnitReportReporter -->
<testsuite hostname="DESKTOP-AMM4FFP" failures="0" tests="2" name="qaclickacademy.SeleniumTest" time="0.023" errors="0" timestamp="2022-03-10T09:56:37 IST" skipped="0">
  <testcase classname="qaclickacademy.SeleniumTest" name="browserautomation" time="0.018"/>
  <system-out/>
  <testcase classname="qaclickacademy.SeleniumTest" name="elements" time="0.005"/>
  <system-out/>
</testsuite> <!-- qaclickacademy.SeleniumTest -->
