<?xml version="1.0" encoding="UTF-8"?>
<!-- Generated by org.testng.reporters.JUnitReportReporter -->
<testsuite hostname="DESKTOP-AMM4FFP" failures="0" tests="1" name="qaclickacademy.AppTest" time="0.019" errors="0" timestamp="2022-03-10T09:45:04 IST" skipped="0">
  <testcase classname="qaclickacademy.AppTest" name="shouldAnswerWithTrue" time="0.019"/>
  <system-out/>
</testsuite> <!-- qaclickacademy.AppTest -->
