<?xml version="1.0" encoding="UTF-8"?>
<!-- Generated by org.testng.reporters.JUnitReportReporter -->
<testsuite hostname="DESKTOP-AMM4FFP" failures="0" tests="2" name="qaclickacademy.AppiumTest" time="0.002" errors="0" timestamp="2022-03-10T12:44:09 IST" skipped="0">
  <testcase classname="qaclickacademy.AppiumTest" name="IOSapps" time="0.001"/>
  <system-out/>
  <testcase classname="qaclickacademy.AppiumTest" name="AndroidApps" time="0.001"/>
  <system-out/>
</testsuite> <!-- qaclickacademy.AppiumTest -->
